mode: set
github.com/Ganitzsh/go-broadcaster/subscriber.go:21.128,24.24 2 1
github.com/Ganitzsh/go-broadcaster/subscriber.go:28.2,38.3 1 1
github.com/Ganitzsh/go-broadcaster/subscriber.go:24.24,26.3 1 1
github.com/Ganitzsh/go-broadcaster/subscriber.go:41.31,45.2 3 1
github.com/Ganitzsh/go-broadcaster/subscriber.go:47.38,51.6 3 1
github.com/Ganitzsh/go-broadcaster/subscriber.go:51.6,53.23 2 1
github.com/Ganitzsh/go-broadcaster/subscriber.go:57.3,58.48 2 1
github.com/Ganitzsh/go-broadcaster/subscriber.go:66.3,66.25 1 1
github.com/Ganitzsh/go-broadcaster/subscriber.go:53.23,55.4 1 1
github.com/Ganitzsh/go-broadcaster/subscriber.go:58.48,61.11 1 1
github.com/Ganitzsh/go-broadcaster/subscriber.go:62.28,63.10 1 1
github.com/Ganitzsh/go-broadcaster/subscriber.go:72.32,73.29 1 1
github.com/Ganitzsh/go-broadcaster/subscriber.go:81.2,81.50 1 1
github.com/Ganitzsh/go-broadcaster/subscriber.go:73.29,79.3 4 1
github.com/Ganitzsh/go-broadcaster/subscriber.go:81.50,85.3 3 1
github.com/Ganitzsh/go-broadcaster/broadcast.go:11.61,16.2 1 1
github.com/Ganitzsh/go-broadcaster/broadcast_agent.go:18.42,24.2 1 1
github.com/Ganitzsh/go-broadcaster/broadcast_agent.go:27.71,31.47 3 1
github.com/Ganitzsh/go-broadcaster/broadcast_agent.go:35.2,35.23 1 1
github.com/Ganitzsh/go-broadcaster/broadcast_agent.go:31.47,33.3 1 1
github.com/Ganitzsh/go-broadcaster/broadcast_agent.go:40.115,44.37 3 1
github.com/Ganitzsh/go-broadcaster/broadcast_agent.go:48.2,51.12 3 1
github.com/Ganitzsh/go-broadcaster/broadcast_agent.go:44.37,46.3 1 1
github.com/Ganitzsh/go-broadcaster/broadcast_agent.go:56.54,57.42 1 1
github.com/Ganitzsh/go-broadcaster/broadcast_agent.go:63.2,63.18 1 1
github.com/Ganitzsh/go-broadcaster/broadcast_agent.go:57.42,58.28 1 1
github.com/Ganitzsh/go-broadcaster/broadcast_agent.go:58.28,60.4 1 1
github.com/Ganitzsh/go-broadcaster/broadcast_agent.go:68.50,70.2 1 1
